<?xml version="1.0" encoding="UTF-8"?>
<!-- Generated by org.testng.reporters.JUnitReportReporter -->
<testsuite skipped="0" hostname="DESKTOP-TV26K6N" name="test.test1_googleSearch" tests="2" failures="0" timestamp="26 Sep 2019 03:45:58 GMT" time="4.950" errors="0">
  <testcase name="googleSearch" time="3.716" classname="test.test1_googleSearch"/>
  <testcase name="f1" time="1.234" classname="test.test1_googleSearch"/>
</testsuite> <!-- test.test1_googleSearch -->
